
test/v01_003_1L
Tesseract Open Source OCR Engine v5.0.0-alpha-595-gccb9 with Leptonica
Page 1
*************  check the box files for any errors and fix those before running training  **************
Tesseract Open Source OCR Engine v5.0.0-alpha-595-gccb9 with Leptonica
Page 1

test/v01_003_2R
Tesseract Open Source OCR Engine v5.0.0-alpha-595-gccb9 with Leptonica
Page 1
*************  check the box files for any errors and fix those before running training  **************
Tesseract Open Source OCR Engine v5.0.0-alpha-595-gccb9 with Leptonica
Page 1

test/v01_007_1L
Tesseract Open Source OCR Engine v5.0.0-alpha-595-gccb9 with Leptonica
Page 1
*************  check the box files for any errors and fix those before running training  **************
Tesseract Open Source OCR Engine v5.0.0-alpha-595-gccb9 with Leptonica
Page 1

test/v01_007_2R
Tesseract Open Source OCR Engine v5.0.0-alpha-595-gccb9 with Leptonica
Page 1
*************  check the box files for any errors and fix those before running training  **************
Tesseract Open Source OCR Engine v5.0.0-alpha-595-gccb9 with Leptonica
Page 1

test/v01_010-L
Tesseract Open Source OCR Engine v5.0.0-alpha-595-gccb9 with Leptonica
Page 1
*************  check the box files for any errors and fix those before running training  **************
Tesseract Open Source OCR Engine v5.0.0-alpha-595-gccb9 with Leptonica
Page 1

test/v01_010-R
Tesseract Open Source OCR Engine v5.0.0-alpha-595-gccb9 with Leptonica
Page 1
*************  check the box files for any errors and fix those before running training  **************
Tesseract Open Source OCR Engine v5.0.0-alpha-595-gccb9 with Leptonica
Page 1

test/v02_002_1L
Tesseract Open Source OCR Engine v5.0.0-alpha-595-gccb9 with Leptonica
Page 1
*************  check the box files for any errors and fix those before running training  **************
Tesseract Open Source OCR Engine v5.0.0-alpha-595-gccb9 with Leptonica
Page 1

test/v02_002_2R
Tesseract Open Source OCR Engine v5.0.0-alpha-595-gccb9 with Leptonica
Page 1
*************  check the box files for any errors and fix those before running training  **************
Tesseract Open Source OCR Engine v5.0.0-alpha-595-gccb9 with Leptonica
Page 1

test/v02_003_1L
Tesseract Open Source OCR Engine v5.0.0-alpha-595-gccb9 with Leptonica
Page 1
*************  check the box files for any errors and fix those before running training  **************
Tesseract Open Source OCR Engine v5.0.0-alpha-595-gccb9 with Leptonica
Page 1

test/v02_003_2R
Tesseract Open Source OCR Engine v5.0.0-alpha-595-gccb9 with Leptonica
Page 1
*************  check the box files for any errors and fix those before running training  **************
Tesseract Open Source OCR Engine v5.0.0-alpha-595-gccb9 with Leptonica
Page 1

test/v02_004_1L
Tesseract Open Source OCR Engine v5.0.0-alpha-595-gccb9 with Leptonica
Page 1
*************  check the box files for any errors and fix those before running training  **************
Tesseract Open Source OCR Engine v5.0.0-alpha-595-gccb9 with Leptonica
Page 1

test/v02_004_2R
Tesseract Open Source OCR Engine v5.0.0-alpha-595-gccb9 with Leptonica
Page 1
*************  check the box files for any errors and fix those before running training  **************
Tesseract Open Source OCR Engine v5.0.0-alpha-595-gccb9 with Leptonica
Page 1
